SF:lib/core/apps/engine_core.dart
DA:5,0
DA:9,0
DA:11,0
DA:13,0
DA:15,0
DA:17,0
DA:19,0
DA:21,0
DA:23,0
DA:25,0
DA:27,0
LF:11
LH:0
end_of_record
SF:lib/core/apps/engine_core_dependency.dart
DA:11,0
DA:15,0
DA:26,0
DA:27,0
DA:38,0
DA:39,0
DA:50,0
DA:51,0
DA:56,0
DA:69,0
DA:70,0
DA:78,0
DA:84,0
DA:90,0
DA:100,0
DA:105,0
DA:110,0
DA:117,0
DA:118,0
DA:119,0
DA:120,0
DA:121,0
DA:133,0
DA:134,0
DA:135,0
DA:136,0
DA:137,0
LF:27
LH:0
end_of_record
SF:lib/core/apps/engine_material_app.dart
DA:51,0
DA:282,0
DA:288,0
DA:289,0
DA:290,0
DA:292,0
DA:293,0
DA:294,0
DA:295,0
DA:296,0
DA:305,0
DA:306,0
DA:307,0
DA:308,0
DA:310,0
DA:314,0
DA:315,0
DA:317,0
DA:318,0
DA:319,0
DA:320,0
DA:321,0
DA:322,0
DA:324,0
DA:325,0
DA:326,0
DA:329,0
DA:330,0
DA:331,0
DA:332,0
DA:333,0
DA:334,0
DA:335,0
DA:336,0
DA:337,0
DA:338,0
DA:339,0
DA:340,0
DA:341,0
DA:342,0
DA:343,0
DA:344,0
DA:345,0
DA:346,0
DA:347,0
DA:348,0
DA:349,0
DA:350,0
DA:351,0
DA:352,0
DA:353,0
DA:354,0
DA:355,0
DA:356,0
DA:357,0
DA:358,0
DA:359,0
DA:360,0
DA:361,0
DA:362,0
DA:363,0
DA:364,0
DA:365,0
DA:366,0
DA:367,0
DA:370,0
DA:371,0
DA:372,0
DA:373,0
DA:374,0
DA:375,0
DA:376,0
DA:377,0
DA:378,0
DA:379,0
DA:380,0
DA:381,0
DA:382,0
DA:384,0
DA:385,0
DA:386,0
DA:387,0
DA:388,0
DA:390,0
LF:84
LH:0
end_of_record
SF:lib/core/apps/engine_route_core.dart
DA:8,0
DA:12,0
DA:14,0
DA:16,0
DA:18,0
DA:20,0
DA:22,0
DA:24,0
DA:26,0
DA:28,0
DA:30,0
DA:32,0
DA:34,0
DA:36,0
DA:38,0
DA:41,0
DA:43,0
DA:60,0
DA:82,0
DA:94,0
DA:107,0
LF:21
LH:0
end_of_record
SF:lib/core/bases/engine_base_binding.dart
DA:10,0
DA:12,0
DA:13,0
LF:3
LH:0
end_of_record
SF:lib/core/bases/engine_base_controller.dart
DA:31,0
DA:38,0
DA:40,0
DA:41,0
DA:45,0
DA:47,0
DA:48,0
DA:52,0
DA:54,0
DA:55,0
DA:59,0
DA:61,0
DA:65,0
DA:67,0
DA:71,0
DA:73,0
DA:77,0
DA:79,0
DA:83,0
DA:85,0
DA:89,0
DA:91,0
DA:92,0
DA:96,0
DA:98,0
DA:99,0
LF:26
LH:0
end_of_record
SF:lib/core/bases/engine_base_initializer.dart
DA:19,0
DA:28,0
DA:31,0
LF:3
LH:0
end_of_record
SF:lib/core/bases/engine_base_model.dart
DA:8,0
LF:1
LH:0
end_of_record
SF:lib/core/bases/engine_base_page.dart
DA:30,0
DA:40,0
DA:45,0
DA:51,0
DA:52,0
DA:57,0
DA:64,0
DA:75,0
DA:81,0
DA:88,0
DA:95,0
DA:102,0
DA:110,0
DA:118,0
DA:125,0
DA:131,0
DA:132,0
DA:134,0
DA:137,0
DA:138,0
DA:139,0
DA:142,0
DA:143,0
DA:144,0
DA:145,0
DA:146,0
DA:147,0
DA:150,0
DA:151,0
DA:153,0
DA:155,0
DA:156,0
DA:159,0
DA:163,0
DA:168,0
DA:171,0
DA:172,0
DA:173,0
DA:174,0
DA:175,0
DA:176,0
DA:177,0
DA:178,0
DA:179,0
DA:180,0
DA:181,0
DA:182,0
DA:183,0
DA:184,0
DA:185,0
DA:186,0
LF:51
LH:0
end_of_record
SF:lib/core/bases/engine_base_repository.dart
DA:37,0
DA:44,0
DA:56,0
DA:57,0
DA:58,0
DA:63,0
DA:65,0
DA:66,0
DA:67,0
DA:68,0
DA:69,0
DA:70,0
DA:71,0
DA:72,0
DA:75,0
DA:76,0
DA:77,0
DA:78,0
DA:84,0
DA:85,0
DA:88,0
DA:89,0
DA:90,0
DA:95,0
DA:98,0
DA:99,0
DA:104,0
DA:106,0
DA:119,0
DA:128,0
DA:136,0
DA:138,0
DA:143,0
DA:145,0
DA:160,0
DA:171,0
DA:180,0
DA:182,0
DA:183,0
DA:198,0
DA:209,0
DA:219,0
DA:221,0
DA:222,0
DA:237,0
DA:248,0
DA:258,0
DA:260,0
DA:261,0
DA:277,0
DA:289,0
DA:300,0
DA:302,0
DA:303,0
DA:316,0
DA:325,0
DA:333,0
DA:335,0
DA:336,0
DA:361,0
DA:369,0
DA:371,0
DA:377,0
DA:378,0
DA:379,0
DA:380,0
DA:381,0
DA:382,0
DA:388,0
DA:389,0
DA:390,0
DA:392,0
DA:393,0
DA:394,0
DA:396,0
DA:399,0
DA:401,0
DA:402,0
DA:404,0
LF:79
LH:0
end_of_record
SF:lib/core/bases/engine_base_state.dart
DA:5,0
DA:7,0
DA:8,0
DA:10,0
LF:4
LH:0
end_of_record
SF:lib/core/bases/engine_base_transalation.dart
DA:9,0
DA:10,0
DA:11,0
LF:3
LH:0
end_of_record
SF:lib/core/bindings/engine_binding.dart
DA:8,0
DA:10,0
DA:11,0
DA:12,0
DA:13,0
DA:14,0
DA:15,0
DA:16,0
DA:17,0
DA:29,0
DA:30,0
DA:31,0
DA:32,0
LF:13
LH:0
end_of_record
SF:lib/core/extensions/map_extension.dart
DA:12,0
DA:13,0
DA:17,0
DA:20,0
DA:22,0
DA:27,0
DA:28,0
DA:31,0
DA:32,0
DA:44,0
DA:45,0
DA:46,0
DA:48,0
DA:63,0
DA:64,0
DA:77,0
DA:86,0
DA:96,0
DA:109,0
DA:118,0
DA:128,0
DA:141,0
DA:150,0
DA:160,0
DA:173,0
DA:182,0
DA:192,0
DA:205,0
DA:214,0
DA:223,0
DA:224,0
DA:237,0
DA:246,0
DA:255,0
DA:256,0
LF:35
LH:0
end_of_record
SF:lib/core/extensions/string.dart
DA:2,0
LF:1
LH:0
end_of_record
SF:lib/core/helpers/engine_bottomsheet.dart
DA:7,0
DA:9,0
DA:18,0
DA:27,0
DA:28,0
DA:29,0
DA:38,0
DA:52,0
DA:59,0
DA:65,0
LF:10
LH:0
end_of_record
SF:lib/core/helpers/engine_bug_tracking.dart
DA:8,0
DA:9,0
DA:10,0
DA:13,0
DA:14,0
DA:26,0
DA:30,0
DA:31,0
DA:39,0
DA:41,0
DA:48,0
DA:50,0
DA:55,0
DA:58,0
DA:63,0
DA:65,0
DA:69,0
DA:77,0
DA:83,0
DA:88,0
DA:90,0
LF:21
LH:0
end_of_record
SF:lib/core/helpers/engine_feature_flag.dart
DA:8,0
DA:9,0
DA:13,0
DA:16,0
DA:18,0
DA:19,0
DA:20,0
DA:23,0
DA:24,0
DA:25,0
DA:26,0
DA:28,0
DA:29,0
DA:30,0
DA:31,0
DA:34,0
DA:35,0
DA:37,0
DA:41,0
DA:42,0
DA:44,0
DA:45,0
DA:47,0
LF:23
LH:0
end_of_record
SF:lib/core/helpers/engine_firebase.dart
DA:19,0
DA:22,0
DA:25,0
DA:29,0
DA:32,0
DA:37,0
DA:39,0
LF:7
LH:0
end_of_record
SF:lib/core/helpers/engine_log.dart
DA:14,0
DA:23,0
DA:24,0
DA:26,0
DA:28,0
DA:33,0
DA:34,0
DA:37,0
DA:39,0
DA:40,0
DA:41,0
DA:42,0
DA:43,0
DA:57,0
DA:64,0
DA:73,0
DA:74,0
DA:83,0
DA:84,0
DA:93,0
DA:94,0
DA:103,0
DA:104,0
DA:106,0
DA:107,0
DA:108,0
DA:109,0
DA:110,0
DA:111,0
DA:114,0
DA:115,0
DA:116,0
DA:117,0
DA:118,0
DA:119,0
LF:35
LH:0
end_of_record
SF:lib/core/helpers/engine_message.dart
DA:6,0
DA:14,0
DA:25,0
DA:33,0
DA:44,0
DA:52,0
DA:63,0
DA:71,0
DA:82,0
DA:95,0
DA:98,0
DA:99,0
DA:100,0
DA:101,0
DA:103,0
DA:104,0
DA:110,0
DA:116,0
DA:117,0
DA:123,0
DA:131,0
DA:140,0
DA:141,0
DA:142,0
DA:143,0
DA:144,0
LF:26
LH:0
end_of_record
SF:lib/core/helpers/engine_theme.dart
DA:28,0
DA:29,0
DA:30,0
DA:32,0
DA:35,0
DA:38,0
DA:41,0
DA:44,0
DA:45,0
DA:47,0
DA:49,0
DA:50,0
DA:51,0
LF:13
LH:0
end_of_record
SF:lib/core/http/engine_form_data.dart
DA:4,0
LF:1
LH:0
end_of_record
SF:lib/core/http/engine_http_exception.dart
DA:8,0
DA:12,0
LF:2
LH:0
end_of_record
SF:lib/core/http/engine_http_interceptor_logger.dart
DA:7,0
DA:9,0
DA:10,0
DA:11,0
DA:14,0
DA:16,0
DA:19,0
DA:20,0
DA:23,0
DA:25,0
DA:26,0
DA:28,0
DA:29,0
DA:31,0
DA:32,0
DA:33,0
DA:34,0
DA:36,0
DA:39,0
DA:49,0
DA:52,0
DA:57,0
DA:59,0
DA:60,0
DA:61,0
DA:62,0
DA:64,0
DA:67,0
DA:69,0
DA:71,0
DA:72,0
DA:74,0
DA:75,0
DA:77,0
DA:78,0
DA:81,0
DA:84,0
DA:89,0
DA:93,0
DA:94,0
LF:40
LH:0
end_of_record
SF:lib/core/http/engine_http_request.dart
DA:16,0
DA:29,0
DA:30,0
DA:41,0
DA:42,0
DA:43,0
DA:44,0
DA:45,0
DA:46,0
DA:47,0
DA:48,0
DA:49,0
DA:50,0
DA:51,0
DA:54,0
DA:55,0
DA:56,0
DA:57,0
DA:58,0
DA:59,0
DA:60,0
DA:61,0
DA:62,0
DA:63,0
DA:64,0
LF:25
LH:0
end_of_record
SF:lib/core/http/engine_http_response.dart
DA:8,0
DA:18,0
DA:19,0
DA:21,0
DA:23,0
DA:25,0
DA:26,0
DA:29,0
DA:30,0
DA:31,0
DA:37,0
DA:39,0
DA:40,0
DA:41,0
DA:42,0
DA:43,0
DA:44,0
DA:45,0
DA:48,0
DA:54,0
DA:55,0
DA:56,0
DA:57,0
DA:59,0
DA:60,0
LF:25
LH:0
end_of_record
SF:lib/core/http/engine_http_result.dart
DA:11,2
DA:14,2
DA:17,2
DA:20,5
DA:23,5
DA:56,6
DA:59,1
DA:61,2
DA:62,1
DA:63,2
DA:74,1
DA:76,2
DA:77,1
DA:78,1
DA:83,1
DA:84,2
DA:87,1
DA:88,4
DA:90,1
DA:91,1
DA:92,4
DA:93,4
DA:96,1
DA:97,5
DA:104,2
DA:106,0
DA:107,0
DA:109,1
DA:110,2
DA:112,0
DA:113,0
DA:115,1
DA:116,2
DA:118,1
DA:119,3
DA:121,1
DA:122,2
DA:124,1
DA:125,3
DA:127,0
DA:128,0
DA:130,1
DA:132,6
DA:134,1
DA:135,2
DA:142,2
DA:144,0
DA:145,0
DA:147,1
DA:148,2
DA:150,1
DA:151,3
DA:153,1
DA:154,2
DA:156,0
DA:157,0
DA:159,1
DA:160,3
DA:162,1
DA:163,2
DA:165,1
DA:167,6
DA:169,0
DA:170,0
DA:172,1
DA:173,2
LF:66
LH:54
end_of_record
SF:lib/core/http/engine_jwt.dart
DA:10,0
DA:11,0
DA:12,0
DA:16,0
DA:18,0
DA:20,0
DA:22,0
DA:37,0
DA:39,0
DA:50,0
DA:51,0
DA:53,0
DA:59,0
DA:60,0
DA:61,0
DA:64,0
DA:66,0
DA:73,0
DA:74,0
DA:76,0
DA:77,0
DA:83,0
DA:84,0
DA:86,0
LF:24
LH:0
end_of_record
SF:lib/core/initializers/engine_bug_tracking_initializer.dart
DA:6,0
DA:14,0
DA:16,0
DA:17,0
DA:22,0
DA:24,0
DA:28,0
LF:7
LH:0
end_of_record
SF:lib/data/models/engine_bug_tracking_model.dart
DA:2,0
LF:1
LH:0
end_of_record
SF:lib/core/initializers/engine_feature_flag_initializer.dart
DA:6,0
DA:8,0
DA:10,0
LF:3
LH:0
end_of_record
SF:lib/core/initializers/engine_firebase_initializer.dart
DA:18,0
DA:29,0
DA:39,0
DA:41,0
DA:42,0
DA:43,0
DA:46,0
DA:47,0
DA:48,0
DA:55,0
DA:56,0
DA:57,0
DA:58,0
DA:59,0
DA:60,0
DA:61,0
DA:62,0
DA:63,0
DA:64,0
DA:65,0
DA:66,0
DA:67,0
LF:22
LH:0
end_of_record
SF:lib/data/models/engine_firebase_model.dart
DA:2,0
DA:36,0
DA:48,0
DA:56,0
DA:74,0
LF:5
LH:0
end_of_record
SF:lib/core/initializers/engine_initializer.dart
DA:4,0
DA:8,0
DA:9,0
DA:10,0
DA:11,0
LF:5
LH:0
end_of_record
SF:lib/core/language/engine_form_validator_language.dart
DA:4,0
DA:5,0
DA:6,0
DA:10,0
DA:11,0
DA:15,0
DA:16,0
DA:20,0
DA:21,0
DA:25,0
DA:26,0
DA:30,0
DA:31,0
DA:35,0
DA:36,0
DA:40,0
DA:41,0
DA:45,0
DA:46,0
DA:50,0
DA:51,0
DA:55,0
DA:56,0
DA:60,0
DA:61,0
DA:65,0
DA:66,0
DA:70,0
DA:71,0
DA:75,0
DA:76,0
DA:80,0
DA:81,0
DA:85,0
DA:86,0
DA:90,0
DA:91,0
DA:95,0
DA:96,0
DA:100,0
DA:101,0
DA:105,0
DA:106,0
DA:110,0
DA:111,0
DA:115,0
DA:116,0
DA:120,0
DA:121,0
DA:125,0
DA:126,0
LF:51
LH:0
end_of_record
SF:lib/core/observers/engine_route_observer.dart
DA:5,0
DA:7,0
DA:8,0
DA:11,0
DA:13,0
DA:14,0
DA:15,0
LF:7
LH:0
end_of_record
SF:lib/core/repositories/dtos/requests/engine_refresh_token_request_dto.dart
DA:4,0
DA:10,0
DA:11,0
DA:12,0
DA:13,0
DA:16,0
DA:17,0
DA:18,0
DA:19,0
DA:22,0
DA:24,0
LF:11
LH:0
end_of_record
SF:lib/core/repositories/dtos/requests/engine_token_request_dto.dart
DA:4,0
DA:9,0
DA:10,0
DA:11,0
DA:14,0
DA:15,0
DA:16,0
DA:19,0
DA:21,0
LF:9
LH:0
end_of_record
SF:lib/core/repositories/dtos/responses/engine_token_response_dto.dart
DA:4,0
DA:10,0
DA:11,0
DA:12,0
DA:13,0
DA:16,0
DA:17,0
DA:18,0
DA:19,0
DA:22,0
DA:24,0
DA:32,0
DA:40,0
DA:41,0
DA:42,0
DA:43,0
DA:44,0
DA:45,0
DA:48,0
DA:49,0
DA:50,0
DA:51,0
DA:52,0
DA:53,0
DA:56,0
DA:58,0
DA:68,0
DA:73,0
DA:74,0
DA:75,0
DA:78,0
DA:79,0
DA:80,0
DA:83,0
DA:85,0
DA:92,0
DA:98,0
DA:99,0
DA:100,0
DA:101,0
DA:104,0
DA:105,0
DA:106,0
DA:107,0
DA:110,0
DA:112,0
DA:120,0
DA:127,0
DA:128,0
DA:129,0
DA:130,0
DA:131,0
DA:134,0
DA:135,0
DA:136,0
DA:137,0
DA:138,0
DA:141,0
DA:143,0
LF:59
LH:0
end_of_record
SF:lib/core/repositories/engine_token_repository.dart
DA:6,0
DA:8,0
DA:10,0
DA:11,0
DA:14,0
DA:16,0
DA:17,0
DA:18,0
DA:19,0
DA:21,0
DA:24,0
DA:27,0
DA:29,0
DA:30,0
DA:31,0
DA:32,0
DA:34,0
DA:37,0
DA:40,0
DA:41,0
DA:42,0
DA:45,0
LF:22
LH:0
end_of_record
SF:lib/core/routes/engine_page_route.dart
DA:40,0
LF:1
LH:0
end_of_record
SF:lib/core/services/engine_check_status_service.dart
DA:11,0
DA:13,0
DA:15,0
DA:16,0
DA:17,0
DA:19,0
DA:20,0
DA:22,0
DA:25,0
DA:27,0
DA:28,0
LF:11
LH:0
end_of_record
SF:lib/core/services/engine_navigation_service.dart
DA:12,0
DA:15,0
DA:33,0
DA:40,0
DA:46,0
DA:71,0
DA:78,0
DA:84,0
DA:111,0
DA:118,0
DA:124,0
DA:144,0
DA:151,0
DA:157,0
DA:172,0
DA:173,0
DA:176,0
DA:199,0
DA:206,0
DA:212,0
DA:233,0
DA:241,0
DA:242,0
DA:246,0
DA:252,0
DA:261,0
DA:262,0
DA:263,0
DA:264,0
LF:29
LH:0
end_of_record
SF:lib/core/services/engine_token_service.dart
DA:4,0
DA:10,0
DA:12,0
DA:14,0
DA:19,0
DA:20,0
DA:23,0
DA:26,0
DA:30,0
DA:35,0
DA:37,0
DA:38,0
DA:39,0
DA:40,0
DA:42,0
DA:49,0
DA:50,0
DA:52,0
DA:56,0
DA:58,0
DA:59,0
DA:60,0
DA:63,0
DA:66,0
DA:67,0
DA:71,0
LF:26
LH:0
end_of_record
SF:lib/core/services/engine_user_service.dart
DA:4,0
DA:10,0
DA:12,0
DA:14,0
DA:15,0
DA:18,0
DA:20,0
DA:21,0
DA:24,0
DA:25,0
DA:26,0
DA:27,0
DA:28,0
DA:32,0
DA:33,0
DA:34,0
DA:37,0
DA:38,0
DA:39,0
DA:40,0
DA:41,0
LF:21
LH:0
end_of_record
SF:lib/core/settings/engine_app_settings.dart
DA:12,0
DA:14,0
DA:15,0
DA:26,0
DA:27,0
DA:28,0
DA:29,0
DA:30,0
LF:8
LH:0
end_of_record
SF:lib/data/enums/engine_environment.dart
DA:6,0
DA:7,0
DA:8,0
DA:9,0
LF:4
LH:0
end_of_record
SF:lib/data/enums/engine_http_method.dart
DA:8,0
DA:9,0
DA:10,0
LF:3
LH:0
end_of_record
SF:lib/data/extensions/engine_result_extension.dart
DA:7,0
DA:10,0
DA:13,0
DA:14,0
DA:17,0
DA:20,0
DA:23,0
DA:26,0
DA:29,0
DA:33,0
DA:36,0
LF:11
LH:0
end_of_record
SF:lib/data/models/engine_credential_token_model.dart
DA:6,0
DA:11,0
DA:15,0
DA:16,0
DA:17,0
DA:20,0
DA:21,0
DA:22,0
DA:25,0
DA:26,0
DA:27,0
DA:30,0
DA:32,0
LF:13
LH:0
end_of_record
SF:lib/data/models/engine_token_model.dart
DA:6,0
DA:11,0
DA:12,0
DA:13,0
DA:14,0
DA:15,0
DA:18,0
DA:20,0
DA:22,0
DA:23,0
DA:24,0
DA:27,0
DA:29,0
DA:30,0
DA:31,0
DA:33,0
LF:16
LH:0
end_of_record
SF:lib/data/models/engine_update_info_model.dart
DA:13,0
DA:24,0
DA:25,0
DA:26,0
DA:27,0
DA:28,0
DA:29,0
DA:30,0
DA:31,0
DA:32,0
DA:35,0
DA:41,0
DA:43,0
DA:47,0
DA:51,0
DA:55,0
DA:59,0
DA:63,0
LF:18
LH:0
end_of_record
SF:lib/data/models/engine_user_model.dart
DA:4,1
DA:13,3
DA:15,1
DA:23,1
DA:24,1
DA:25,1
DA:26,1
DA:27,1
DA:28,1
DA:31,2
DA:32,1
DA:33,1
DA:34,1
DA:35,1
DA:36,1
DA:39,2
DA:40,2
DA:41,1
DA:42,1
DA:43,1
DA:44,3
DA:47,3
DA:49,3
LF:23
LH:23
end_of_record
SF:lib/data/repositories/engine_local_storage/engine_local_storage_get_storage_repository.dart
DA:7,0
DA:8,0
DA:13,0
DA:15,0
DA:16,0
DA:18,0
DA:19,0
DA:28,0
DA:29,0
DA:31,0
DA:32,0
DA:34,0
DA:36,0
DA:37,0
DA:39,0
DA:40,0
DA:44,0
DA:45,0
DA:48,0
DA:51,0
DA:52,0
DA:54,0
DA:55,0
DA:57,0
DA:58,0
DA:60,0
DA:61,0
DA:63,0
DA:65,0
DA:67,0
DA:70,0
DA:71,0
LF:32
LH:0
end_of_record
SF:lib/data/translations/engine_transalarion.dart
DA:7,0
DA:8,0
DA:9,0
DA:13,0
DA:17,0
LF:5
LH:0
end_of_record
